<?xml version="1.0" encoding="UTF-8"?>
<!-- Generated by org.testng.reporters.JUnitReportReporter -->
<testsuite hostname="DESKTOP-OOQF253" failures="0" tests="1" name="e_commerce.TestCasePage_Test" time="3.253" errors="0" timestamp="2023-09-10T20:05:09 IST" skipped="0">
  <testcase classname="e_commerce.TestCasePage_Test" name="testCasePage_Test" time="3.253"/>
  <system-out/>
</testsuite> <!-- e_commerce.TestCasePage_Test -->
