<?xml version="1.0" encoding="UTF-8"?>
<!-- Generated by org.testng.reporters.JUnitReportReporter -->
<testsuite hostname="DESKTOP-OOQF253" failures="0" tests="1" name="e_commerce.SignupPage_Test" time="39.246" errors="0" timestamp="2023-09-02T13:29:05 IST" skipped="0">
  <testcase classname="e_commerce.SignupPage_Test" name="signupPage_Test" time="39.246"/>
  <system-out/>
</testsuite> <!-- e_commerce.SignupPage_Test -->
